1.7|2019-10-10 12:13:45,201|755fac07a54feba23e6159b087d18da5|stash|6.7.1|-||applinks.status.snapshot|{"occurrence.fecru":0,"product":"","occurrence.jira":0,"occurrence.bamboo":0,"buildNumber":"6007001","occurrence.confluence":0,"occurrence.unknown":0,"pluginVersion":"6.1.0","productVersion":"6.7.1","total":0,"occurrence.refApp":0,"occurrence.bitbucket":0,"occurrence.generic":0,"occurrence.crowd":0,"failing":0,"working":0,"applicationId":"866109d8-1f05-3dd2-95d1-4b2694c88304"}|1570709625201|SEN-L14369693||applinks.analytics||
1.7|2019-10-10 12:13:46,311|755fac07a54feba23e6159b087d18da5|stash|6.7.1|-||connect.plugin.serverUpgraded|{"newVersion":"6007001","oldVersion":""}|1570709626311|SEN-L14369693||connect.lifecycle||
1.7|2019-10-10 12:13:46,329|755fac07a54feba23e6159b087d18da5|stash|6.7.1|-||connect.plugin.upgraded|{"newVersion":"","oldVersion":""}|1570709626329|SEN-L14369693||connect.lifecycle||
1.7|2019-10-10 12:13:49,876|755fac07a54feba23e6159b087d18da5|stash|6.7.1|a4ae6d2c1473028a3c95b445c4c9d2d7||UserActivity|{"emailHash":"$2b$11$wgr1TJNVKwiK/dQBd3HKm.kTe3A6UEtEoSLCFtZ20cCnE0GfMSHN6"}|1570709629876|SEN-L14369693||analytics.api||
1.7|2019-10-10 12:13:51,665|755fac07a54feba23e6159b087d18da5|stash|6.7.1|1c1d5ceb99693bbb842f2f008271856d|-517903452|stash.client.demographics|{"d_windowHeight":714,"d_browser":"","d_screenHeight":800,"d_lang":"","d_screenWidth":1280,"d_platform":"","d_version":12,"d_windowWidth":1276}|1570709631058|SEN-L14369693|562fdec1ae65032d8c3b8f7835db59ae|browser||
1.7|2019-10-10 12:13:51,666|755fac07a54feba23e6159b087d18da5|stash|6.7.1|1c1d5ceb99693bbb842f2f008271856d|-517903452|stash.page.gettingstarted.visited|{"origin":""}|1570709631076|SEN-L14369693|562fdec1ae65032d8c3b8f7835db59ae|browser||
1.7|2019-10-10 12:13:55,669|755fac07a54feba23e6159b087d18da5|stash|6.7.1|-||analytics.stash.base.data|{"repositoryCount":0,"projectCount":0,"userCount":1}|1570709635669|SEN-L14369693||analytics.client.base||
1.7|2019-10-10 12:13:55,677|755fac07a54feba23e6159b087d18da5|stash|6.7.1|-||analytics.config.changed|{"newValue":"","oldValue":"","key":"LOGGED_BASE_DATA"}|1570709635677|SEN-L14369693||analytics.api||
1.7|2019-10-10 12:13:58,081|755fac07a54feba23e6159b087d18da5|stash|6.7.1|1c1d5ceb99693bbb842f2f008271856d|-517903452|stash.client.time.zone.onboarding.shown|{}|1570709637604|SEN-L14369693|562fdec1ae65032d8c3b8f7835db59ae|browser||
1.7|2019-10-10 12:14:04,192|755fac07a54feba23e6159b087d18da5|stash|6.7.1|1c1d5ceb99693bbb842f2f008271856d|-517903452|stash.client.project-list.create.clicked|{"is.empty.state":true}|1570709642629|SEN-L14369693|562fdec1ae65032d8c3b8f7835db59ae|browser||
1.7|2019-10-10 12:14:04,199|755fac07a54feba23e6159b087d18da5|stash|6.7.1|1c1d5ceb99693bbb842f2f008271856d|-517903452|stash.client.time.zone.onboarding.shown|{}|1570709643751|SEN-L14369693|562fdec1ae65032d8c3b8f7835db59ae|browser||
1.7|2019-10-10 12:14:16,427|755fac07a54feba23e6159b087d18da5|stash|6.7.1|1c1d5ceb99693bbb842f2f008271856d||stash.project.created|{"project.type":"","project.id":"1"}|1570709656427|SEN-L14369693||bitbucket.project||
1.7|2019-10-10 12:14:16,562|755fac07a54feba23e6159b087d18da5|stash|6.7.1|1c1d5ceb99693bbb842f2f008271856d||stash.branchmodel.configuration.created|{"development.useDefault":true,"project.id":"1","branchTypes.HOTFIX":true,"branchTypes.FEATURE":true,"branchTypes.BUGFIX":true,"branchTypes.RELEASE":true}|1570709656562|SEN-L14369693||bitbucket.internal.branch.model||
1.7|2019-10-10 12:14:18,222|755fac07a54feba23e6159b087d18da5|stash|6.7.1|1c1d5ceb99693bbb842f2f008271856d|-517903452|stash.client.project-create.submitted|{"avatar.changed":false,"description.length":0}|1570709656114|SEN-L14369693|562fdec1ae65032d8c3b8f7835db59ae|browser||
1.7|2019-10-10 12:14:18,223|755fac07a54feba23e6159b087d18da5|stash|6.7.1|1c1d5ceb99693bbb842f2f008271856d|-517903452|stash.client.time.zone.onboarding.shown|{}|1570709657741|SEN-L14369693|562fdec1ae65032d8c3b8f7835db59ae|browser||
1.7|2019-10-10 12:14:24,564|755fac07a54feba23e6159b087d18da5|stash|6.7.1|1c1d5ceb99693bbb842f2f008271856d|-517903452|stash.client.project-repository-list.create.clicked|{"is.empty.state":true}|1570709663084|SEN-L14369693|562fdec1ae65032d8c3b8f7835db59ae|browser||
1.7|2019-10-10 12:14:24,565|755fac07a54feba23e6159b087d18da5|stash|6.7.1|1c1d5ceb99693bbb842f2f008271856d|-517903452|stash.client.repository-list.create.clicked|{}|1570709663084|SEN-L14369693|562fdec1ae65032d8c3b8f7835db59ae|browser||
1.7|2019-10-10 12:14:24,565|755fac07a54feba23e6159b087d18da5|stash|6.7.1|1c1d5ceb99693bbb842f2f008271856d|-517903452|stash.client.time.zone.onboarding.shown|{}|1570709664122|SEN-L14369693|562fdec1ae65032d8c3b8f7835db59ae|browser||
1.7|2019-10-10 12:14:27,239|755fac07a54feba23e6159b087d18da5|stash|6.7.1|1c1d5ceb99693bbb842f2f008271856d|-517903452|stash.client.time.zone.onboarding.shown|{}|1570709666746|SEN-L14369693|562fdec1ae65032d8c3b8f7835db59ae|browser||
1.7|2019-10-10 12:14:29,639|755fac07a54feba23e6159b087d18da5|stash|6.7.1|1c1d5ceb99693bbb842f2f008271856d|-517903452|stash.client.importer.welcomeMat|{}|1570709667403|SEN-L14369693|562fdec1ae65032d8c3b8f7835db59ae|browser||
1.7|2019-10-10 12:14:29,640|755fac07a54feba23e6159b087d18da5|stash|6.7.1|1c1d5ceb99693bbb842f2f008271856d|-517903452|stash.client.importer.form.initialised|{"sourceType":"BITBUCKET_CLOUD"}|1570709669044|SEN-L14369693|562fdec1ae65032d8c3b8f7835db59ae|browser||
1.7|2019-10-10 12:14:29,640|755fac07a54feba23e6159b087d18da5|stash|6.7.1|1c1d5ceb99693bbb842f2f008271856d|-517903452|stash.client.time.zone.onboarding.shown|{}|1570709669177|SEN-L14369693|562fdec1ae65032d8c3b8f7835db59ae|browser||
1.7|2019-10-10 12:14:34,673|755fac07a54feba23e6159b087d18da5|stash|6.7.1|1c1d5ceb99693bbb842f2f008271856d|-517903452|stash.client.importer.form.initialised|{"sourceType":"GITHUB"}|1570709671212|SEN-L14369693|562fdec1ae65032d8c3b8f7835db59ae|browser||
1.7|2019-10-10 12:14:53,621|755fac07a54feba23e6159b087d18da5|stash|6.7.1|1c1d5ceb99693bbb842f2f008271856d||stash.importer.request.unauthorized|{"statusCode":401}|1570709693621|SEN-L14369693||bitbucket.internal.importer||
1.7|2019-10-10 12:15:04,210|755fac07a54feba23e6159b087d18da5|stash|6.7.1|1c1d5ceb99693bbb842f2f008271856d||stash.importer.request.unauthorized|{"statusCode":401}|1570709704210|SEN-L14369693||bitbucket.internal.importer||
1.7|2019-10-10 12:16:25,203|755fac07a54feba23e6159b087d18da5|stash|6.7.1|1c1d5ceb99693bbb842f2f008271856d||stash.importer.search.owner|{"sourceType":"GITHUB","pageStart":0,"isLastPage":true,"pageSize":3}|1570709785203|SEN-L14369693||bitbucket.internal.importer||
1.7|2019-10-10 12:16:26,777|755fac07a54feba23e6159b087d18da5|stash|6.7.1|1c1d5ceb99693bbb842f2f008271856d|-517903452|stash.client.importer.form.stage.changed|{"newStage":"select-repository","jobId":"","hasUrl":true,"sourceType":"GITHUB","possibleOwners":0,"repos":0,"repoSelectionMode":"all","oldStage":"landing-page","githubEnterprise":false,"tasks":0}|1570709785252|SEN-L14369693|562fdec1ae65032d8c3b8f7835db59ae|browser||
1.7|2019-10-10 12:16:31,023|755fac07a54feba23e6159b087d18da5|stash|6.7.1|1c1d5ceb99693bbb842f2f008271856d||stash.importer.search.repository|{"sourceType":"GITHUB","pageStart":0,"isLastPage":false,"pageSize":50}|1570709791023|SEN-L14369693||bitbucket.internal.importer||
1.7|2019-10-10 12:16:45,892|755fac07a54feba23e6159b087d18da5|stash|6.7.1|1c1d5ceb99693bbb842f2f008271856d||stash.repository.created|{"repository.id":"1","repository.project.id":"1"}|1570709805892|SEN-L14369693||bitbucket.repository||
1.7|2019-10-10 12:16:45,963|755fac07a54feba23e6159b087d18da5|stash|6.7.1|1c1d5ceb99693bbb842f2f008271856d||stash.importer.task.changed|{"importTaskState":"QUEUED","jobId":1,"repoId":1,"importTaskFailureType":"NONE","taskId":1}|1570709805963|SEN-L14369693||bitbucket.internal.importer||
1.7|2019-10-10 12:16:46,005|755fac07a54feba23e6159b087d18da5|stash|6.7.1|1c1d5ceb99693bbb842f2f008271856d||stash.importer.task.changed|{"importTaskState":"STARTED","jobId":1,"repoId":1,"importTaskFailureType":"NONE","taskId":1}|1570709806005|SEN-L14369693||bitbucket.internal.importer||
1.7|2019-10-10 12:16:46,006|755fac07a54feba23e6159b087d18da5|stash|6.7.1|1c1d5ceb99693bbb842f2f008271856d||stash.importer.job.created|{"jobId":1,"totalRepositoryImportTasks":1,"projectId":1}|1570709806006|SEN-L14369693||bitbucket.internal.importer||
1.7|2019-10-10 12:16:46,785|755fac07a54feba23e6159b087d18da5|stash|6.7.1|1c1d5ceb99693bbb842f2f008271856d|-517903452|stash.client.importer.job.created|{"hasUrl":true,"jobId":1,"sourceType":"GITHUB","tasks":1}|1570709806105|SEN-L14369693|562fdec1ae65032d8c3b8f7835db59ae|browser||
1.7|2019-10-10 12:16:46,785|755fac07a54feba23e6159b087d18da5|stash|6.7.1|1c1d5ceb99693bbb842f2f008271856d|-517903452|stash.client.importer.form.stage.changed|{"newStage":"importing","jobId":1,"hasUrl":true,"sourceType":"GITHUB","possibleOwners":4,"repos":1,"repoSelectionMode":"select-repositories","oldStage":"select-repository","githubEnterprise":false,"tasks":1}|1570709806106|SEN-L14369693|562fdec1ae65032d8c3b8f7835db59ae|browser||
1.7|2019-10-10 12:16:51,863|755fac07a54feba23e6159b087d18da5|stash|6.7.1|1c1d5ceb99693bbb842f2f008271856d||stash.importer.task.changed|{"importTaskState":"SUCCESS","jobId":1,"repoId":1,"importTaskFailureType":"NONE","taskId":1}|1570709811863|SEN-L14369693||bitbucket.internal.importer||
1.7|2019-10-10 12:17:30,246|755fac07a54feba23e6159b087d18da5|stash|6.7.1|1c1d5ceb99693bbb842f2f008271856d|-517903452|stash.client.time.zone.onboarding.shown|{}|1570709849772|SEN-L14369693|562fdec1ae65032d8c3b8f7835db59ae|browser||
1.7|2019-10-10 12:17:35,984|755fac07a54feba23e6159b087d18da5|stash|6.7.1|1c1d5ceb99693bbb842f2f008271856d|-517903452|stash.client.project-repository-list.item.clicked|{"project.id":1,"repository.id":1,"result.index":0,"filter.length":0,"results.size":1}|1570709852278|SEN-L14369693|562fdec1ae65032d8c3b8f7835db59ae|browser||
1.7|2019-10-10 12:17:35,984|755fac07a54feba23e6159b087d18da5|stash|6.7.1|1c1d5ceb99693bbb842f2f008271856d|-517903452|stash.client.repository-list.item.clicked|{"project.id":1,"repository.id":1}|1570709852279|SEN-L14369693|562fdec1ae65032d8c3b8f7835db59ae|browser||
1.7|2019-10-10 12:17:35,984|755fac07a54feba23e6159b087d18da5|stash|6.7.1|1c1d5ceb99693bbb842f2f008271856d|-517903452|stash.client.time.zone.onboarding.shown|{}|1570709855539|SEN-L14369693|562fdec1ae65032d8c3b8f7835db59ae|browser||
1.7|2019-10-10 12:17:35,993|755fac07a54feba23e6159b087d18da5|stash|6.7.1|1c1d5ceb99693bbb842f2f008271856d|-517903452|stash.client.filetable.lastmodified.succeeded|{"requestTime":574}|1570709855912|SEN-L14369693|562fdec1ae65032d8c3b8f7835db59ae|browser||
1.7|2019-10-10 12:17:36,276|755fac07a54feba23e6159b087d18da5|stash|6.7.1|1c1d5ceb99693bbb842f2f008271856d||stash.git.lfs.feature.enabled|{}|1570709856276|SEN-L14369693||bitbucket.internal.scm.git.lfs||
1.7|2019-10-10 12:17:41,019|755fac07a54feba23e6159b087d18da5|stash|6.7.1|1c1d5ceb99693bbb842f2f008271856d|-517903452|stash.client.repository.label.visible|{"project.id":1,"label.visible":false,"repository.id":1}|1570709856527|SEN-L14369693|562fdec1ae65032d8c3b8f7835db59ae|browser||
1.7|2019-10-10 12:17:41,019|755fac07a54feba23e6159b087d18da5|stash|6.7.1|1c1d5ceb99693bbb842f2f008271856d|-517903452|stash.client.branch-selector.actions.opened|{}|1570709858277|SEN-L14369693|562fdec1ae65032d8c3b8f7835db59ae|browser||
1.7|2019-10-10 12:17:51,048|755fac07a54feba23e6159b087d18da5|stash|6.7.1|1c1d5ceb99693bbb842f2f008271856d|-517903452|stash.client.sidebar.collapse.change|{"window.width":1276,"source":"button","is.collapsed":false}|1570709870482|SEN-L14369693|562fdec1ae65032d8c3b8f7835db59ae|browser||
1.7|2019-10-10 12:20:06,417|755fac07a54feba23e6159b087d18da5|stash|6.7.1|1c1d5ceb99693bbb842f2f008271856d|-517903452|applinks.view.admin|{}|1570710006417|SEN-L14369693|562fdec1ae65032d8c3b8f7835db59ae|applinks.analytics||
1.7|2019-10-10 12:20:09,768|755fac07a54feba23e6159b087d18da5|stash|6.7.1|1c1d5ceb99693bbb842f2f008271856d|-517903452|stash.client.demographics|{"d_windowHeight":714,"d_browser":"","d_screenHeight":800,"d_lang":"","d_screenWidth":1280,"d_platform":"","d_version":12,"d_windowWidth":1276}|1570710009049|SEN-L14369693|562fdec1ae65032d8c3b8f7835db59ae|browser||
1.7|2019-10-10 12:20:10,118|755fac07a54feba23e6159b087d18da5|stash|6.7.1|1c1d5ceb99693bbb842f2f008271856d|-517903452|applinks.created|{"product":"bitbucket","applicationId":"866109d8-1f05-3dd2-95d1-4b2694c88304","status":"SUCCESS"}|1570710010118|SEN-L14369693|562fdec1ae65032d8c3b8f7835db59ae|applinks.analytics||
1.7|2019-10-10 12:20:54,682|755fac07a54feba23e6159b087d18da5|stash|6.7.1|1c1d5ceb99693bbb842f2f008271856d|-517903452|stash.client.nav.logo.clicked|{}|1570710052310|SEN-L14369693|562fdec1ae65032d8c3b8f7835db59ae|browser||
1.7|2019-10-10 12:20:54,683|755fac07a54feba23e6159b087d18da5|stash|6.7.1|1c1d5ceb99693bbb842f2f008271856d|-517903452|stash.client.time.zone.onboarding.shown|{}|1570710054216|SEN-L14369693|562fdec1ae65032d8c3b8f7835db59ae|browser||
1.7|2019-10-10 12:20:57,327|755fac07a54feba23e6159b087d18da5|stash|6.7.1|1c1d5ceb99693bbb842f2f008271856d|-517903452|stash.client.nav.globalsettings.clicked|{}|1570710055873|SEN-L14369693|562fdec1ae65032d8c3b8f7835db59ae|browser||
1.7|2019-10-10 12:21:23,756|755fac07a54feba23e6159b087d18da5|stash|6.7.1|1c1d5ceb99693bbb842f2f008271856d|-517903452|applinks.view.admin|{}|1570710083756|SEN-L14369693|562fdec1ae65032d8c3b8f7835db59ae|applinks.analytics||
1.7|2019-10-10 12:21:33,841|755fac07a54feba23e6159b087d18da5|stash|6.7.1|1c1d5ceb99693bbb842f2f008271856d|-517903452|applinks.edit|{"applicationId":"05925aed-3029-3287-b7c1-de333e9c9fa2","applicationType":"bamboo"}|1570710093841|SEN-L14369693|562fdec1ae65032d8c3b8f7835db59ae|applinks.analytics||
1.7|2019-10-10 12:21:36,096|755fac07a54feba23e6159b087d18da5|stash|6.7.1|1c1d5ceb99693bbb842f2f008271856d|-517903452|applinks.status.dialog.opened|{"category":"config_error","applicationId":"05925aed-3029-3287-b7c1-de333e9c9fa2","status":"no_remote_applink"}|1570710090699|SEN-L14369693|562fdec1ae65032d8c3b8f7835db59ae|browser||
1.7|2019-10-10 12:21:36,097|755fac07a54feba23e6159b087d18da5|stash|6.7.1|1c1d5ceb99693bbb842f2f008271856d|-517903452|stash.client.time.zone.onboarding.shown|{}|1570710095633|SEN-L14369693|562fdec1ae65032d8c3b8f7835db59ae|browser||
1.7|2019-10-10 12:21:38,368|755fac07a54feba23e6159b087d18da5|stash|6.7.1|1c1d5ceb99693bbb842f2f008271856d|-517903452|applinks.view.admin|{}|1570710098368|SEN-L14369693|562fdec1ae65032d8c3b8f7835db59ae|applinks.analytics||
